<?xml version="1.0" encoding="UTF-8"?>
<!-- Generated by org.testng.reporters.JUnitXMLReporter -->
<testsuite ignored="0" hostname="DESKTOP-IPE6AVN" failures="0" tests="3" name="TestNG_Demo_Test" time="0.107" errors="0" timestamp="2021-01-27T23:43:03 IST">
  <testcase classname="test.testNG_Case1" name="Demo" time="0.018"/>
  <testcase classname="test.testNG_Case1" name="secondTest" time="0.005"/>
  <testcase classname="test.testNG_xmlTest" name="Demo" time="0.002"/>
</testsuite> <!-- TestNG_Demo_Test -->
